<?xml version="1.0" encoding="UTF-8"?>
<!-- Generated by org.testng.reporters.JUnitXMLReporter -->
<testsuite ignored="1" hostname="WIN-H7E01U00ST4" failures="0" tests="1" name="Smoke Check" time="19.989" errors="0" timestamp="2023-11-06T21:56:19 EET">
  <testcase classname="test.java.MainTest3" name="mailOneSendTest" time="16.742"/>
  <testcase classname="test.java.MainTest3" name="challangeOneTest" time="0.0">
    <ignored/>
  </testcase> <!-- challangeOneTest -->
</testsuite> <!-- Smoke Check -->
