<?xml version="1.0" encoding="UTF-8"?>
<testng-results ignored="1" total="2" passed="1" failed="0" skipped="0">
  <reporter-output>
  </reporter-output>
  <suite started-at="2023-11-04T00:21:54 EET" name="Suite1" finished-at="2023-11-04T00:22:10 EET" duration-ms="16236">
    <groups>
      <group name="smoke">
        <method signature="MainTest3.mailOneSendTest()[pri:0, instance:test.java.MainTest3@696da30b]" name="mailOneSendTest" class="test.java.MainTest3"/>
      </group> <!-- smoke -->
    </groups>
    <test started-at="2023-11-04T00:21:54 EET" name="Smoke Check" finished-at="2023-11-04T00:22:10 EET" duration-ms="16236">
      <class name="test.java.MainTest3">
        <test-method is-config="true" signature="smokeGroup()[pri:0, instance:test.java.MainTest3@696da30b]" started-at="2023-11-04T00:21:54 EET" name="smokeGroup" finished-at="2023-11-04T00:21:54 EET" duration-ms="10" status="PASS">
          <reporter-output>
          </reporter-output>
        </test-method> <!-- smokeGroup -->
        <test-method is-config="true" signature="before()[pri:0, instance:test.java.MainTest3@696da30b]" started-at="2023-11-04T00:21:54 EET" name="before" finished-at="2023-11-04T00:21:56 EET" duration-ms="2325" status="PASS">
          <reporter-output>
          </reporter-output>
        </test-method> <!-- before -->
        <test-method signature="mailOneSendTest()[pri:0, instance:test.java.MainTest3@696da30b]" started-at="2023-11-04T00:21:56 EET" name="mailOneSendTest" finished-at="2023-11-04T00:22:09 EET" duration-ms="12960" status="PASS">
          <reporter-output>
          </reporter-output>
        </test-method> <!-- mailOneSendTest -->
        <test-method is-config="true" signature="closeBrowser()[pri:0, instance:test.java.MainTest3@696da30b]" started-at="2023-11-04T00:22:09 EET" name="closeBrowser" finished-at="2023-11-04T00:22:10 EET" duration-ms="901" status="PASS">
          <reporter-output>
          </reporter-output>
        </test-method> <!-- closeBrowser -->
      </class> <!-- test.java.MainTest3 -->
    </test> <!-- Smoke Check -->
  </suite> <!-- Suite1 -->
</testng-results>
