<?xml version="1.0" encoding="UTF-8"?>
<testng-results ignored="3" total="4" passed="1" failed="0" skipped="0">
  <reporter-output>
  </reporter-output>
  <suite started-at="2023-11-06T21:56:19 EET" name="Suite1 (0)" finished-at="2023-11-06T21:56:19 EET" duration-ms="0">
    <groups>
    </groups>
    <test started-at="2023-11-06T21:56:19 EET" name="Smoke Check" finished-at="2023-11-06T21:56:19 EET" duration-ms="0">
    </test> <!-- Smoke Check -->
  </suite> <!-- Suite1 (0) -->
  <suite started-at="2023-11-06T21:55:59 EET" name="Suite1" finished-at="2023-11-06T21:56:19 EET" duration-ms="19989">
    <groups>
      <group name="smoke">
        <method signature="MainTest3.mailOneSendTest()[pri:0, instance:test.java.MainTest3@6c130c45]" name="mailOneSendTest" class="test.java.MainTest3"/>
      </group> <!-- smoke -->
    </groups>
    <test started-at="2023-11-06T21:55:59 EET" name="Smoke Check" finished-at="2023-11-06T21:56:19 EET" duration-ms="19989">
      <class name="test.java.MainTest3">
        <test-method is-config="true" signature="smokeGroup()[pri:0, instance:test.java.MainTest3@6c130c45]" started-at="2023-11-06T21:55:59 EET" name="smokeGroup" finished-at="2023-11-06T21:55:59 EET" duration-ms="13" status="PASS">
          <reporter-output>
          </reporter-output>
        </test-method> <!-- smokeGroup -->
        <test-method is-config="true" signature="before()[pri:0, instance:test.java.MainTest3@6c130c45]" started-at="2023-11-06T21:55:59 EET" name="before" finished-at="2023-11-06T21:56:01 EET" duration-ms="2303" status="PASS">
          <reporter-output>
          </reporter-output>
        </test-method> <!-- before -->
        <test-method signature="mailOneSendTest()[pri:0, instance:test.java.MainTest3@6c130c45]" started-at="2023-11-06T21:56:01 EET" name="mailOneSendTest" finished-at="2023-11-06T21:56:18 EET" duration-ms="16742" status="PASS">
          <reporter-output>
          </reporter-output>
        </test-method> <!-- mailOneSendTest -->
        <test-method is-config="true" signature="closeBrowser()[pri:0, instance:test.java.MainTest3@6c130c45]" started-at="2023-11-06T21:56:18 EET" name="closeBrowser" finished-at="2023-11-06T21:56:19 EET" duration-ms="898" status="PASS">
          <reporter-output>
          </reporter-output>
        </test-method> <!-- closeBrowser -->
      </class> <!-- test.java.MainTest3 -->
    </test> <!-- Smoke Check -->
  </suite> <!-- Suite1 -->
</testng-results>
